  main.cpp
C:\Users\XYZEK\source\repos\UnicornRobotAttack\main.cpp(111,18): warning C4305: "inicjowanie": obcięcie z "double" do "float"
C:\Users\XYZEK\source\repos\UnicornRobotAttack\main.cpp(112,20): warning C4305: "inicjowanie": obcięcie z "double" do "float"
C:\Users\XYZEK\source\repos\UnicornRobotAttack\main.cpp(139,13): warning C4305: "inicjowanie": obcięcie z "double" do "float"
C:\Users\XYZEK\source\repos\UnicornRobotAttack\main.cpp(156,1): warning C4305: "-=": obcięcie z "double" do "float"
C:\Users\XYZEK\source\repos\UnicornRobotAttack\main.cpp(300,85): warning C4244: "argument": konwersja z "double" do "float", możliwa utrata danych
C:\Users\XYZEK\source\repos\UnicornRobotAttack\main.cpp(308,102): warning C4244: "argument": konwersja z "float" do "int", możliwa utrata danych
C:\Users\XYZEK\source\repos\UnicornRobotAttack\main.cpp(308,76): warning C4244: "argument": konwersja z "float" do "int", możliwa utrata danych
C:\Users\XYZEK\source\repos\UnicornRobotAttack\main.cpp(309,132): warning C4244: "argument": konwersja z "float" do "int", możliwa utrata danych
C:\Users\XYZEK\source\repos\UnicornRobotAttack\main.cpp(309,96): warning C4244: "argument": konwersja z "float" do "int", możliwa utrata danych
C:\Users\XYZEK\source\repos\UnicornRobotAttack\main.cpp(310,135): warning C4244: "argument": konwersja z "float" do "int", możliwa utrata danych
C:\Users\XYZEK\source\repos\UnicornRobotAttack\main.cpp(310,98): warning C4244: "argument": konwersja z "float" do "int", możliwa utrata danych
C:\Users\XYZEK\source\repos\UnicornRobotAttack\main.cpp(311,120): warning C4244: "argument": konwersja z "float" do "int", możliwa utrata danych
C:\Users\XYZEK\source\repos\UnicornRobotAttack\main.cpp(311,88): warning C4244: "argument": konwersja z "float" do "int", możliwa utrata danych
C:\Users\XYZEK\source\repos\UnicornRobotAttack\main.cpp(327,111): warning C4244: "argument": konwersja z "float" do "int", możliwa utrata danych
C:\Users\XYZEK\source\repos\UnicornRobotAttack\main.cpp(327,82): warning C4244: "argument": konwersja z "float" do "int", możliwa utrata danych
C:\Users\XYZEK\source\repos\UnicornRobotAttack\main.cpp(330,65): warning C4244: "argument": konwersja z "float" do "int", możliwa utrata danych
C:\Users\XYZEK\source\repos\UnicornRobotAttack\main.cpp(330,51): warning C4244: "argument": konwersja z "float" do "int", możliwa utrata danych
C:\Users\XYZEK\source\repos\UnicornRobotAttack\main.cpp(316,2): warning C4996: 'sprintf': This function or variable may be unsafe. Consider using sprintf_s instead. To disable deprecation, use _CRT_SECURE_NO_WARNINGS. See online help for details.
C:\Users\XYZEK\source\repos\UnicornRobotAttack\main.cpp(319,2): warning C4996: 'sprintf': This function or variable may be unsafe. Consider using sprintf_s instead. To disable deprecation, use _CRT_SECURE_NO_WARNINGS. See online help for details.
C:\Users\XYZEK\source\repos\UnicornRobotAttack\main.cpp(322,2): warning C4996: 'sprintf': This function or variable may be unsafe. Consider using sprintf_s instead. To disable deprecation, use _CRT_SECURE_NO_WARNINGS. See online help for details.
C:\Users\XYZEK\source\repos\UnicornRobotAttack\main.cpp(344,32): warning C4244: "+=": konwersja z "double" do "float", możliwa utrata danych
C:\Users\XYZEK\source\repos\UnicornRobotAttack\main.cpp(591,32): warning C4244: "=": konwersja z "int" do "float", możliwa utrata danych
C:\Users\XYZEK\source\repos\UnicornRobotAttack\main.cpp(594,38): warning C4244: "=": konwersja z "int" do "float", możliwa utrata danych
C:\Users\XYZEK\source\repos\UnicornRobotAttack\main.cpp(602,12): warning C4244: "argument": konwersja z "time_t" do "unsigned int", możliwa utrata danych
C:\Users\XYZEK\source\repos\UnicornRobotAttack\main.cpp(612,61): warning C4244: "=": konwersja z "double" do "float", możliwa utrata danych
C:\Users\XYZEK\source\repos\UnicornRobotAttack\main.cpp(633,47): warning C4244: "=": konwersja z "int" do "float", możliwa utrata danych
C:\Users\XYZEK\source\repos\UnicornRobotAttack\main.cpp(634,47): warning C4244: "=": konwersja z "int" do "float", możliwa utrata danych
C:\Users\XYZEK\source\repos\UnicornRobotAttack\main.cpp(656,77): warning C4244: "=": konwersja z "int" do "float", możliwa utrata danych
C:\Users\XYZEK\source\repos\UnicornRobotAttack\main.cpp(578,7): warning C4101: "text": lokalna zmienna, do której nie istnieje odwołanie
C:\Users\XYZEK\source\repos\UnicornRobotAttack\main.cpp(825,3): warning C4996: 'sprintf': This function or variable may be unsafe. Consider using sprintf_s instead. To disable deprecation, use _CRT_SECURE_NO_WARNINGS. See online help for details.
C:\Users\XYZEK\source\repos\UnicornRobotAttack\main.cpp(828,3): warning C4996: 'sprintf': This function or variable may be unsafe. Consider using sprintf_s instead. To disable deprecation, use _CRT_SECURE_NO_WARNINGS. See online help for details.
C:\Users\XYZEK\source\repos\UnicornRobotAttack\main.cpp(846,2): warning C4996: 'sprintf': This function or variable may be unsafe. Consider using sprintf_s instead. To disable deprecation, use _CRT_SECURE_NO_WARNINGS. See online help for details.
C:\Users\XYZEK\source\repos\UnicornRobotAttack\main.cpp(849,2): warning C4996: 'sprintf': This function or variable may be unsafe. Consider using sprintf_s instead. To disable deprecation, use _CRT_SECURE_NO_WARNINGS. See online help for details.
C:\Users\XYZEK\source\repos\UnicornRobotAttack\main.cpp(863,33): warning C4305: "=": obcięcie z "double" do "float"
C:\Users\XYZEK\source\repos\UnicornRobotAttack\main.cpp(873,13): warning C4244: "argument": konwersja z "time_t" do "unsigned int", możliwa utrata danych
  Trwa generowanie kodu
  0 of 38 functions ( 0.0%) were compiled, the rest were copied from previous compilation.
    0 functions were new in current compilation
    0 functions had inline decision re-evaluated but remain unchanged
  Zakończono generowanie kodu
  szablon2vs19.vcxproj -> C:\Users\XYZEK\source\repos\UnicornRobotAttack\Release\szablon2vs19.exe
